Running: /opt/Xilinx/14.7/ISE_DS/ISE/bin/lin64/unwrapped/fuse -intstyle ise -incremental -lib secureip -o /home/ise/ChaserLED/Chaser_w_isim_beh.exe -prj /home/ise/ChaserLED/Chaser_w_beh.prj work.Chaser_w 
ISim P.20131013 (signature 0xfbc00daa)
Number of CPUs detected in this system: 1
Turning on mult-threading, number of parallel sub-compilation jobs: 0 
Determining compilation order of HDL files
Parsing VHDL file "/home/ise/ChaserLED/Chaser.vhd" into library work
Parsing VHDL file "/home/ise/ChaserLED/Chaser_w.vhd" into library work
Starting static elaboration
Completed static elaboration
Fuse Memory Usage: 96828 KB
Fuse CPU Usage: 440 ms
Compiling package standard
Compiling package std_logic_1164
Compiling package numeric_std
Compiling architecture behavioral of entity Chaser [chaser_default]
Compiling architecture behavior of entity chaser_w
Time Resolution for simulation is 1ps.
Compiled 6 VHDL Units
Built simulation executable /home/ise/ChaserLED/Chaser_w_isim_beh.exe
Fuse Memory Usage: 111500 KB
Fuse CPU Usage: 490 ms
GCC CPU Usage: 70 ms
