Running: /opt/Xilinx/14.7/ISE_DS/ISE/bin/lin64/unwrapped/fuse -intstyle ise -incremental -lib secureip -o /home/ise/JohnsonCounter/Counter_w_isim_beh.exe -prj /home/ise/JohnsonCounter/Counter_w_beh.prj work.Counter_w 
ISim P.20131013 (signature 0xfbc00daa)
Number of CPUs detected in this system: 1
Turning on mult-threading, number of parallel sub-compilation jobs: 0 
Determining compilation order of HDL files
Parsing VHDL file "/home/ise/JohnsonCounter/Counter.vhd" into library work
Parsing VHDL file "/home/ise/JohnsonCounter/Counter_w.vhd" into library work
Starting static elaboration
Completed static elaboration
Fuse Memory Usage: 95300 KB
Fuse CPU Usage: 430 ms
Compiling package standard
Compiling package std_logic_1164
Compiling architecture behavioral of entity Counter [counter_default]
Compiling architecture behavior of entity counter_w
Time Resolution for simulation is 1ps.
Compiled 5 VHDL Units
Built simulation executable /home/ise/JohnsonCounter/Counter_w_isim_beh.exe
Fuse Memory Usage: 103940 KB
Fuse CPU Usage: 440 ms
GCC CPU Usage: 60 ms
